# JRE version: OpenJDK Runtime Environment (7.0_65-b32) (build 1.7.0_65-b32)
# Java VM: OpenJDK 64-Bit Server VM (24.65-b04 mixed mode linux-amd64 compressed oops)
Heap
 PSYoungGen      total 67072K, used 128K [0x00000000ee700000, 0x00000000f3400000, 0x0000000100000000)
  eden space 55296K, 0% used [0x00000000ee700000,0x00000000ee700000,0x00000000f1d00000)
  from space 11776K, 1% used [0x00000000f1d00000,0x00000000f1d20000,0x00000000f2880000)
  to   space 11264K, 0% used [0x00000000f2900000,0x00000000f2900000,0x00000000f3400000)
 ParOldGen       total 35840K, used 15660K [0x00000000cb600000, 0x00000000cd900000, 0x00000000ee700000)
  object space 35840K, 43% used [0x00000000cb600000,0x00000000cc54b090,0x00000000cd900000)
 PSPermGen       total 21504K, used 13222K [0x00000000c1000000, 0x00000000c2500000, 0x00000000cb600000)
  object space 21504K, 61% used [0x00000000c1000000,0x00000000c1ce9a98,0x00000000c2500000)
GC Heap History (10 events):
Event: 7.852 GC heap after
Heap after GC invocations=2 (full 0):
 PSYoungGen      total 29696K, used 2034K [0x00000000ee700000, 0x00000000f0600000, 0x0000000100000000)
  eden space 27648K, 0% used [0x00000000ee700000,0x00000000ee700000,0x00000000f0200000)
  from space 2048K, 99% used [0x00000000f0400000,0x00000000f05fc840,0x00000000f0600000)
  to   space 2048K, 0% used [0x00000000f0200000,0x00000000f0200000,0x00000000f0400000)
 ParOldGen       total 35840K, used 12577K [0x00000000cb600000, 0x00000000cd900000, 0x00000000ee700000)
  object space 35840K, 35% used [0x00000000cb600000,0x00000000cc2487f0,0x00000000cd900000)
 PSPermGen       total 21504K, used 12710K [0x00000000c1000000, 0x00000000c2500000, 0x00000000cb600000)
  object space 21504K, 59% used [0x00000000c1000000,0x00000000c1c698f8,0x00000000c2500000)
}
Event: 8.750 GC heap before
{Heap before GC invocations=3 (full 0):
 PSYoungGen      total 29696K, used 29461K [0x00000000ee700000, 0x00000000f0600000, 0x0000000100000000)
  eden space 27648K, 99% used [0x00000000ee700000,0x00000000f01c8c00,0x00000000f0200000)
  from space 2048K, 99% used [0x00000000f0400000,0x00000000f05fc840,0x00000000f0600000)
  to   space 2048K, 0% used [0x00000000f0200000,0x00000000f0200000,0x00000000f0400000)
 ParOldGen       total 35840K, used 12577K [0x00000000cb600000, 0x00000000cd900000, 0x00000000ee700000)
  object space 35840K, 35% used [0x00000000cb600000,0x00000000cc2487f0,0x00000000cd900000)
 PSPermGen       total 21504K, used 12891K [0x00000000c1000000, 0x00000000c2500000, 0x00000000cb600000)
  object space 21504K, 59% used [0x00000000c1000000,0x00000000c1c96ed8,0x00000000c2500000)
Event: 8.759 GC heap after
Heap after GC invocations=3 (full 0):
 PSYoungGen      total 29696K, used 2018K [0x00000000ee700000, 0x00000000f0600000, 0x0000000100000000)
  eden space 27648K, 0% used [0x00000000ee700000,0x00000000ee700000,0x00000000f0200000)
  from space 2048K, 98% used [0x00000000f0200000,0x00000000f03f8830,0x00000000f0400000)
  to   space 2048K, 0% used [0x00000000f0400000,0x00000000f0400000,0x00000000f0600000)
 ParOldGen       total 35840K, used 13634K [0x00000000cb600000, 0x00000000cd900000, 0x00000000ee700000)
  object space 35840K, 38% used [0x00000000cb600000,0x00000000cc350800,0x00000000cd900000)
 PSPermGen       total 21504K, used 12891K [0x00000000c1000000, 0x00000000c2500000, 0x00000000cb600000)
  object space 21504K, 59% used [0x00000000c1000000,0x00000000c1c96ed8,0x00000000c2500000)
}
Event: 9.072 GC heap before
{Heap before GC invocations=4 (full 0):
 PSYoungGen      total 29696K, used 28717K [0x00000000ee700000, 0x00000000f0600000, 0x0000000100000000)
  eden space 27648K, 96% used [0x00000000ee700000,0x00000000f0112c08,0x00000000f0200000)
  from space 2048K, 98% used [0x00000000f0200000,0x00000000f03f8830,0x00000000f0400000)
  to   space 2048K, 0% used [0x00000000f0400000,0x00000000f0400000,0x00000000f0600000)
 ParOldGen       total 35840K, used 13634K [0x00000000cb600000, 0x00000000cd900000, 0x00000000ee700000)
  object space 35840K, 38% used [0x00000000cb600000,0x00000000cc350800,0x00000000cd900000)
 PSPermGen       total 21504K, used 12911K [0x00000000c1000000, 0x00000000c2500000, 0x00000000cb600000)
  object space 21504K, 60% used [0x00000000c1000000,0x00000000c1c9bea8,0x00000000c2500000)
Event: 9.077 GC heap after
Heap after GC invocations=4 (full 0):
 PSYoungGen      total 29696K, used 2032K [0x00000000ee700000, 0x00000000f2100000, 0x0000000100000000)
  eden space 27648K, 0% used [0x00000000ee700000,0x00000000ee700000,0x00000000f0200000)
  from space 2048K, 99% used [0x00000000f0400000,0x00000000f05fc010,0x00000000f0600000)
  to   space 2048K, 0% used [0x00000000f0200000,0x00000000f0200000,0x00000000f0400000)
 ParOldGen       total 35840K, used 13650K [0x00000000cb600000, 0x00000000cd900000, 0x00000000ee700000)
  object space 35840K, 38% used [0x00000000cb600000,0x00000000cc354800,0x00000000cd900000)
 PSPermGen       total 21504K, used 12911K [0x00000000c1000000, 0x00000000c2500000, 0x00000000cb600000)
  object space 21504K, 60% used [0x00000000c1000000,0x00000000c1c9bea8,0x00000000c2500000)
}
Event: 9.258 GC heap before
{Heap before GC invocations=5 (full 0):
 PSYoungGen      total 29696K, used 29250K [0x00000000ee700000, 0x00000000f2100000, 0x0000000100000000)
  eden space 27648K, 98% used [0x00000000ee700000,0x00000000f0194a18,0x00000000f0200000)
  from space 2048K, 99% used [0x00000000f0400000,0x00000000f05fc010,0x00000000f0600000)
  to   space 2048K, 0% used [0x00000000f0200000,0x00000000f0200000,0x00000000f0400000)
 ParOldGen       total 35840K, used 13650K [0x00000000cb600000, 0x00000000cd900000, 0x00000000ee700000)
  object space 35840K, 38% used [0x00000000cb600000,0x00000000cc354800,0x00000000cd900000)
 PSPermGen       total 21504K, used 12912K [0x00000000c1000000, 0x00000000c2500000, 0x00000000cb600000)
  object space 21504K, 60% used [0x00000000c1000000,0x00000000c1c9c158,0x00000000c2500000)
Event: 9.263 GC heap after
Heap after GC invocations=5 (full 0):
 PSYoungGen      total 29696K, used 2032K [0x00000000ee700000, 0x00000000f3500000, 0x0000000100000000)
  eden space 27648K, 0% used [0x00000000ee700000,0x00000000ee700000,0x00000000f0200000)
  from space 2048K, 99% used [0x00000000f0200000,0x00000000f03fc010,0x00000000f0400000)
  to   space 12288K, 0% used [0x00000000f2900000,0x00000000f2900000,0x00000000f3500000)
 ParOldGen       total 35840K, used 13658K [0x00000000cb600000, 0x00000000cd900000, 0x00000000ee700000)
  object space 35840K, 38% used [0x00000000cb600000,0x00000000cc356800,0x00000000cd900000)
 PSPermGen       total 21504K, used 12912K [0x00000000c1000000, 0x00000000c2500000, 0x00000000cb600000)
  object space 21504K, 60% used [0x00000000c1000000,0x00000000c1c9c158,0x00000000c2500000)
}
Event: 9.457 GC heap before
{Heap before GC invocations=6 (full 0):
 PSYoungGen      total 29696K, used 29237K [0x00000000ee700000, 0x00000000f3500000, 0x0000000100000000)
  eden space 27648K, 98% used [0x00000000ee700000,0x00000000f01915f0,0x00000000f0200000)
  from space 2048K, 99% used [0x00000000f0200000,0x00000000f03fc010,0x00000000f0400000)
  to   space 12288K, 0% used [0x00000000f2900000,0x00000000f2900000,0x00000000f3500000)
 ParOldGen       total 35840K, used 13658K [0x00000000cb600000, 0x00000000cd900000, 0x00000000ee700000)
  object space 35840K, 38% used [0x00000000cb600000,0x00000000cc356800,0x00000000cd900000)
 PSPermGen       total 21504K, used 12912K [0x00000000c1000000, 0x00000000c2500000, 0x00000000cb600000)
  object space 21504K, 60% used [0x00000000c1000000,0x00000000c1c9c208,0x00000000c2500000)
Event: 9.481 GC heap after
Heap after GC invocations=6 (full 0):
 PSYoungGen      total 66560K, used 2082K [0x00000000ee700000, 0x00000000f3400000, 0x0000000100000000)
  eden space 55296K, 0% used [0x00000000ee700000,0x00000000ee700000,0x00000000f1d00000)
  from space 11264K, 18% used [0x00000000f2900000,0x00000000f2b08830,0x00000000f3400000)
  to   space 11776K, 0% used [0x00000000f1d00000,0x00000000f1d00000,0x00000000f2880000)
 ParOldGen       total 35840K, used 13658K [0x00000000cb600000, 0x00000000cd900000, 0x00000000ee700000)
  object space 35840K, 38% used [0x00000000cb600000,0x00000000cc356800,0x00000000cd900000)
 PSPermGen       total 21504K, used 12912K [0x00000000c1000000, 0x00000000c2500000, 0x00000000cb600000)
  object space 21504K, 60% used [0x00000000c1000000,0x00000000c1c9c208,0x00000000c2500000)
}
Event: 23.162 GC heap before
{Heap before GC invocations=7 (full 0):
 PSYoungGen      total 66560K, used 56999K [0x00000000ee700000, 0x00000000f3400000, 0x0000000100000000)
  eden space 55296K, 99% used [0x00000000ee700000,0x00000000f1ca17c0,0x00000000f1d00000)
  from space 11264K, 18% used [0x00000000f2900000,0x00000000f2b08830,0x00000000f3400000)
  to   space 11776K, 0% used [0x00000000f1d00000,0x00000000f1d00000,0x00000000f2880000)
 ParOldGen       total 35840K, used 13658K [0x00000000cb600000, 0x00000000cd900000, 0x00000000ee700000)
  object space 35840K, 38% used [0x00000000cb600000,0x00000000cc356800,0x00000000cd900000)
 PSPermGen       total 21504K, used 13222K [0x00000000c1000000, 0x00000000c2500000, 0x00000000cb600000)
  object space 21504K, 61% used [0x00000000c1000000,0x00000000c1ce9a98,0x00000000c2500000)

