# JRE version: OpenJDK Runtime Environment (7.0_65-b32) (build 1.7.0_65-b32)
# Java VM: OpenJDK 64-Bit Server VM (24.65-b04 mixed mode linux-amd64 compressed oops)
Heap
 PSYoungGen      total 121344K, used 224K [0x00000000ee700000, 0x00000000f6800000, 0x0000000100000000)
  eden space 110592K, 0% used [0x00000000ee700000,0x00000000ee700000,0x00000000f5300000)
  from space 10752K, 2% used [0x00000000f5300000,0x00000000f5338000,0x00000000f5d80000)
  to   space 10752K, 0% used [0x00000000f5d80000,0x00000000f5d80000,0x00000000f6800000)
 ParOldGen       total 35840K, used 14704K [0x00000000cb600000, 0x00000000cd900000, 0x00000000ee700000)
  object space 35840K, 41% used [0x00000000cb600000,0x00000000cc45c1b8,0x00000000cd900000)
 PSPermGen       total 21504K, used 13345K [0x00000000c1000000, 0x00000000c2500000, 0x00000000cb600000)
  object space 21504K, 62% used [0x00000000c1000000,0x00000000c1d08468,0x00000000c2500000)
GC Heap History (10 events):
Event: 7.194 GC heap after
Heap after GC invocations=4 (full 0):
 PSYoungGen      total 29696K, used 1088K [0x00000000ee700000, 0x00000000f0600000, 0x0000000100000000)
  eden space 27648K, 0% used [0x00000000ee700000,0x00000000ee700000,0x00000000f0200000)
  from space 2048K, 53% used [0x00000000f0400000,0x00000000f0510000,0x00000000f0600000)
  to   space 2048K, 0% used [0x00000000f0200000,0x00000000f0200000,0x00000000f0400000)
 ParOldGen       total 35840K, used 13645K [0x00000000cb600000, 0x00000000cd900000, 0x00000000ee700000)
  object space 35840K, 38% used [0x00000000cb600000,0x00000000cc3534a0,0x00000000cd900000)
 PSPermGen       total 21504K, used 12932K [0x00000000c1000000, 0x00000000c2500000, 0x00000000cb600000)
  object space 21504K, 60% used [0x00000000c1000000,0x00000000c1ca1288,0x00000000c2500000)
}
Event: 7.732 GC heap before
{Heap before GC invocations=5 (full 0):
 PSYoungGen      total 29696K, used 28539K [0x00000000ee700000, 0x00000000f0600000, 0x0000000100000000)
  eden space 27648K, 99% used [0x00000000ee700000,0x00000000f01cef48,0x00000000f0200000)
  from space 2048K, 53% used [0x00000000f0400000,0x00000000f0510000,0x00000000f0600000)
  to   space 2048K, 0% used [0x00000000f0200000,0x00000000f0200000,0x00000000f0400000)
 ParOldGen       total 35840K, used 13645K [0x00000000cb600000, 0x00000000cd900000, 0x00000000ee700000)
  object space 35840K, 38% used [0x00000000cb600000,0x00000000cc3534a0,0x00000000cd900000)
 PSPermGen       total 21504K, used 13066K [0x00000000c1000000, 0x00000000c2500000, 0x00000000cb600000)
  object space 21504K, 60% used [0x00000000c1000000,0x00000000c1cc2a18,0x00000000c2500000)
Event: 7.738 GC heap after
Heap after GC invocations=5 (full 0):
 PSYoungGen      total 29696K, used 1106K [0x00000000ee700000, 0x00000000f3400000, 0x0000000100000000)
  eden space 27648K, 0% used [0x00000000ee700000,0x00000000ee700000,0x00000000f0200000)
  from space 2048K, 54% used [0x00000000f0200000,0x00000000f0314820,0x00000000f0400000)
  to   space 11776K, 0% used [0x00000000f2880000,0x00000000f2880000,0x00000000f3400000)
 ParOldGen       total 35840K, used 13645K [0x00000000cb600000, 0x00000000cd900000, 0x00000000ee700000)
  object space 35840K, 38% used [0x00000000cb600000,0x00000000cc3534a0,0x00000000cd900000)
 PSPermGen       total 21504K, used 13066K [0x00000000c1000000, 0x00000000c2500000, 0x00000000cb600000)
  object space 21504K, 60% used [0x00000000c1000000,0x00000000c1cc2a18,0x00000000c2500000)
}
Event: 7.928 GC heap before
{Heap before GC invocations=6 (full 0):
 PSYoungGen      total 29696K, used 28324K [0x00000000ee700000, 0x00000000f3400000, 0x0000000100000000)
  eden space 27648K, 98% used [0x00000000ee700000,0x00000000f0194a20,0x00000000f0200000)
  from space 2048K, 54% used [0x00000000f0200000,0x00000000f0314820,0x00000000f0400000)
  to   space 11776K, 0% used [0x00000000f2880000,0x00000000f2880000,0x00000000f3400000)
 ParOldGen       total 35840K, used 13645K [0x00000000cb600000, 0x00000000cd900000, 0x00000000ee700000)
  object space 35840K, 38% used [0x00000000cb600000,0x00000000cc3534a0,0x00000000cd900000)
 PSPermGen       total 21504K, used 13067K [0x00000000c1000000, 0x00000000c2500000, 0x00000000cb600000)
  object space 21504K, 60% used [0x00000000c1000000,0x00000000c1cc2c70,0x00000000c2500000)
Event: 7.934 GC heap after
Heap after GC invocations=6 (full 0):
 PSYoungGen      total 66048K, used 1074K [0x00000000ee700000, 0x00000000f3300000, 0x0000000100000000)
  eden space 55296K, 0% used [0x00000000ee700000,0x00000000ee700000,0x00000000f1d00000)
  from space 10752K, 9% used [0x00000000f2880000,0x00000000f298c840,0x00000000f3300000)
  to   space 11264K, 0% used [0x00000000f1d00000,0x00000000f1d00000,0x00000000f2800000)
 ParOldGen       total 35840K, used 13645K [0x00000000cb600000, 0x00000000cd900000, 0x00000000ee700000)
  object space 35840K, 38% used [0x00000000cb600000,0x00000000cc3534a0,0x00000000cd900000)
 PSPermGen       total 21504K, used 13067K [0x00000000c1000000, 0x00000000c2500000, 0x00000000cb600000)
  object space 21504K, 60% used [0x00000000c1000000,0x00000000c1cc2c70,0x00000000c2500000)
}
Event: 8.542 GC heap before
{Heap before GC invocations=7 (full 0):
 PSYoungGen      total 66048K, used 55417K [0x00000000ee700000, 0x00000000f3300000, 0x0000000100000000)
  eden space 55296K, 98% used [0x00000000ee700000,0x00000000f1c11f60,0x00000000f1d00000)
  from space 10752K, 9% used [0x00000000f2880000,0x00000000f298c840,0x00000000f3300000)
  to   space 11264K, 0% used [0x00000000f1d00000,0x00000000f1d00000,0x00000000f2800000)
 ParOldGen       total 35840K, used 13645K [0x00000000cb600000, 0x00000000cd900000, 0x00000000ee700000)
  object space 35840K, 38% used [0x00000000cb600000,0x00000000cc3534a0,0x00000000cd900000)
 PSPermGen       total 21504K, used 13084K [0x00000000c1000000, 0x00000000c2500000, 0x00000000cb600000)
  object space 21504K, 60% used [0x00000000c1000000,0x00000000c1cc70a0,0x00000000c2500000)
Event: 8.546 GC heap after
Heap after GC invocations=7 (full 0):
 PSYoungGen      total 66560K, used 96K [0x00000000ee700000, 0x00000000f6800000, 0x0000000100000000)
  eden space 55296K, 0% used [0x00000000ee700000,0x00000000ee700000,0x00000000f1d00000)
  from space 11264K, 0% used [0x00000000f1d00000,0x00000000f1d18000,0x00000000f2800000)
  to   space 10752K, 0% used [0x00000000f5d80000,0x00000000f5d80000,0x00000000f6800000)
 ParOldGen       total 35840K, used 14648K [0x00000000cb600000, 0x00000000cd900000, 0x00000000ee700000)
  object space 35840K, 40% used [0x00000000cb600000,0x00000000cc44e1b8,0x00000000cd900000)
 PSPermGen       total 21504K, used 13084K [0x00000000c1000000, 0x00000000c2500000, 0x00000000cb600000)
  object space 21504K, 60% used [0x00000000c1000000,0x00000000c1cc70a0,0x00000000c2500000)
}
Event: 9.342 GC heap before
{Heap before GC invocations=8 (full 0):
 PSYoungGen      total 66560K, used 54510K [0x00000000ee700000, 0x00000000f6800000, 0x0000000100000000)
  eden space 55296K, 98% used [0x00000000ee700000,0x00000000f1c23b20,0x00000000f1d00000)
  from space 11264K, 0% used [0x00000000f1d00000,0x00000000f1d18000,0x00000000f2800000)
  to   space 10752K, 0% used [0x00000000f5d80000,0x00000000f5d80000,0x00000000f6800000)
 ParOldGen       total 35840K, used 14648K [0x00000000cb600000, 0x00000000cd900000, 0x00000000ee700000)
  object space 35840K, 40% used [0x00000000cb600000,0x00000000cc44e1b8,0x00000000cd900000)
 PSPermGen       total 21504K, used 13216K [0x00000000c1000000, 0x00000000c2500000, 0x00000000cb600000)
  object space 21504K, 61% used [0x00000000c1000000,0x00000000c1ce80b8,0x00000000c2500000)
Event: 9.357 GC heap after
Heap after GC invocations=8 (full 0):
 PSYoungGen      total 121344K, used 128K [0x00000000ee700000, 0x00000000f6800000, 0x0000000100000000)
  eden space 110592K, 0% used [0x00000000ee700000,0x00000000ee700000,0x00000000f5300000)
  from space 10752K, 1% used [0x00000000f5d80000,0x00000000f5da0000,0x00000000f6800000)
  to   space 10752K, 0% used [0x00000000f5300000,0x00000000f5300000,0x00000000f5d80000)
 ParOldGen       total 35840K, used 14680K [0x00000000cb600000, 0x00000000cd900000, 0x00000000ee700000)
  object space 35840K, 40% used [0x00000000cb600000,0x00000000cc4561b8,0x00000000cd900000)
 PSPermGen       total 21504K, used 13216K [0x00000000c1000000, 0x00000000c2500000, 0x00000000cb600000)
  object space 21504K, 61% used [0x00000000c1000000,0x00000000c1ce80b8,0x00000000c2500000)
}
Event: 286.677 GC heap before
{Heap before GC invocations=9 (full 0):
 PSYoungGen      total 121344K, used 110598K [0x00000000ee700000, 0x00000000f6800000, 0x0000000100000000)
  eden space 110592K, 99% used [0x00000000ee700000,0x00000000f52e1bb8,0x00000000f5300000)
  from space 10752K, 1% used [0x00000000f5d80000,0x00000000f5da0000,0x00000000f6800000)
  to   space 10752K, 0% used [0x00000000f5300000,0x00000000f5300000,0x00000000f5d80000)
 ParOldGen       total 35840K, used 14680K [0x00000000cb600000, 0x00000000cd900000, 0x00000000ee700000)
  object space 35840K, 40% used [0x00000000cb600000,0x00000000cc4561b8,0x00000000cd900000)
 PSPermGen       total 21504K, used 13345K [0x00000000c1000000, 0x00000000c2500000, 0x00000000cb600000)
  object space 21504K, 62% used [0x00000000c1000000,0x00000000c1d08468,0x00000000c2500000)

