# JRE version: OpenJDK Runtime Environment (7.0_65-b32) (build 1.7.0_65-b32)
# Java VM: OpenJDK 64-Bit Server VM (24.65-b04 mixed mode linux-amd64 compressed oops)
Heap
 PSYoungGen      total 57344K, used 2048K [0x00000000ee700000, 0x00000000f2100000, 0x0000000100000000)
  eden space 55296K, 0% used [0x00000000ee700000,0x00000000ee700000,0x00000000f1d00000)
  from space 2048K, 100% used [0x00000000f1d00000,0x00000000f1f00000,0x00000000f1f00000)
  to   space 2048K, 0% used [0x00000000f1f00000,0x00000000f1f00000,0x00000000f2100000)
 ParOldGen       total 35840K, used 15184K [0x00000000cb600000, 0x00000000cd900000, 0x00000000ee700000)
  object space 35840K, 42% used [0x00000000cb600000,0x00000000cc4d4288,0x00000000cd900000)
 PSPermGen       total 21504K, used 13070K [0x00000000c1000000, 0x00000000c2500000, 0x00000000cb600000)
  object space 21504K, 60% used [0x00000000c1000000,0x00000000c1cc3a38,0x00000000c2500000)
GC Heap History (9 events):
Event: 1.488 GC heap before
{Heap before GC invocations=1 (full 0):
 PSYoungGen      total 15872K, used 13824K [0x00000000ee700000, 0x00000000ef880000, 0x0000000100000000)
  eden space 13824K, 100% used [0x00000000ee700000,0x00000000ef480000,0x00000000ef480000)
  from space 2048K, 0% used [0x00000000ef680000,0x00000000ef680000,0x00000000ef880000)
  to   space 2048K, 0% used [0x00000000ef480000,0x00000000ef480000,0x00000000ef680000)
 ParOldGen       total 35840K, used 0K [0x00000000cb600000, 0x00000000cd900000, 0x00000000ee700000)
  object space 35840K, 0% used [0x00000000cb600000,0x00000000cb600000,0x00000000cd900000)
 PSPermGen       total 21504K, used 3846K [0x00000000c1000000, 0x00000000c2500000, 0x00000000cb600000)
  object space 21504K, 17% used [0x00000000c1000000,0x00000000c13c1a40,0x00000000c2500000)
Event: 1.524 GC heap after
Heap after GC invocations=1 (full 0):
 PSYoungGen      total 15872K, used 2048K [0x00000000ee700000, 0x00000000f0600000, 0x0000000100000000)
  eden space 13824K, 0% used [0x00000000ee700000,0x00000000ee700000,0x00000000ef480000)
  from space 2048K, 100% used [0x00000000ef480000,0x00000000ef680000,0x00000000ef680000)
  to   space 2048K, 0% used [0x00000000f0400000,0x00000000f0400000,0x00000000f0600000)
 ParOldGen       total 35840K, used 3926K [0x00000000cb600000, 0x00000000cd900000, 0x00000000ee700000)
  object space 35840K, 10% used [0x00000000cb600000,0x00000000cb9d5b20,0x00000000cd900000)
 PSPermGen       total 21504K, used 3846K [0x00000000c1000000, 0x00000000c2500000, 0x00000000cb600000)
  object space 21504K, 17% used [0x00000000c1000000,0x00000000c13c1a40,0x00000000c2500000)
}
Event: 5.440 GC heap before
{Heap before GC invocations=2 (full 0):
 PSYoungGen      total 15872K, used 15834K [0x00000000ee700000, 0x00000000f0600000, 0x0000000100000000)
  eden space 13824K, 99% used [0x00000000ee700000,0x00000000ef476bb8,0x00000000ef480000)
  from space 2048K, 100% used [0x00000000ef480000,0x00000000ef680000,0x00000000ef680000)
  to   space 2048K, 0% used [0x00000000f0400000,0x00000000f0400000,0x00000000f0600000)
 ParOldGen       total 35840K, used 3926K [0x00000000cb600000, 0x00000000cd900000, 0x00000000ee700000)
  object space 35840K, 10% used [0x00000000cb600000,0x00000000cb9d5b20,0x00000000cd900000)
 PSPermGen       total 21504K, used 12753K [0x00000000c1000000, 0x00000000c2500000, 0x00000000cb600000)
  object space 21504K, 59% used [0x00000000c1000000,0x00000000c1c74660,0x00000000c2500000)
Event: 5.471 GC heap after
Heap after GC invocations=2 (full 0):
 PSYoungGen      total 29696K, used 2032K [0x00000000ee700000, 0x00000000f0600000, 0x0000000100000000)
  eden space 27648K, 0% used [0x00000000ee700000,0x00000000ee700000,0x00000000f0200000)
  from space 2048K, 99% used [0x00000000f0400000,0x00000000f05fc010,0x00000000f0600000)
  to   space 2048K, 0% used [0x00000000f0200000,0x00000000f0200000,0x00000000f0400000)
 ParOldGen       total 35840K, used 12112K [0x00000000cb600000, 0x00000000cd900000, 0x00000000ee700000)
  object space 35840K, 33% used [0x00000000cb600000,0x00000000cc1d4238,0x00000000cd900000)
 PSPermGen       total 21504K, used 12753K [0x00000000c1000000, 0x00000000c2500000, 0x00000000cb600000)
  object space 21504K, 59% used [0x00000000c1000000,0x00000000c1c74660,0x00000000c2500000)
}
Event: 6.376 GC heap before
{Heap before GC invocations=3 (full 0):
 PSYoungGen      total 29696K, used 29456K [0x00000000ee700000, 0x00000000f0600000, 0x0000000100000000)
  eden space 27648K, 99% used [0x00000000ee700000,0x00000000f01c8060,0x00000000f0200000)
  from space 2048K, 99% used [0x00000000f0400000,0x00000000f05fc010,0x00000000f0600000)
  to   space 2048K, 0% used [0x00000000f0200000,0x00000000f0200000,0x00000000f0400000)
 ParOldGen       total 35840K, used 12112K [0x00000000cb600000, 0x00000000cd900000, 0x00000000ee700000)
  object space 35840K, 33% used [0x00000000cb600000,0x00000000cc1d4238,0x00000000cd900000)
 PSPermGen       total 21504K, used 12932K [0x00000000c1000000, 0x00000000c2500000, 0x00000000cb600000)
  object space 21504K, 60% used [0x00000000c1000000,0x00000000c1ca1268,0x00000000c2500000)
Event: 6.393 GC heap after
Heap after GC invocations=3 (full 0):
 PSYoungGen      total 29696K, used 2032K [0x00000000ee700000, 0x00000000f2100000, 0x0000000100000000)
  eden space 27648K, 0% used [0x00000000ee700000,0x00000000ee700000,0x00000000f0200000)
  from space 2048K, 99% used [0x00000000f0200000,0x00000000f03fc010,0x00000000f0400000)
  to   space 2048K, 0% used [0x00000000f1f00000,0x00000000f1f00000,0x00000000f2100000)
 ParOldGen       total 35840K, used 13168K [0x00000000cb600000, 0x00000000cd900000, 0x00000000ee700000)
  object space 35840K, 36% used [0x00000000cb600000,0x00000000cc2dc268,0x00000000cd900000)
 PSPermGen       total 21504K, used 12932K [0x00000000c1000000, 0x00000000c2500000, 0x00000000cb600000)
  object space 21504K, 60% used [0x00000000c1000000,0x00000000c1ca1268,0x00000000c2500000)
}
Event: 7.976 GC heap before
{Heap before GC invocations=4 (full 0):
 PSYoungGen      total 29696K, used 29547K [0x00000000ee700000, 0x00000000f2100000, 0x0000000100000000)
  eden space 27648K, 99% used [0x00000000ee700000,0x00000000f01ded38,0x00000000f0200000)
  from space 2048K, 99% used [0x00000000f0200000,0x00000000f03fc010,0x00000000f0400000)
  to   space 2048K, 0% used [0x00000000f1f00000,0x00000000f1f00000,0x00000000f2100000)
 ParOldGen       total 35840K, used 13168K [0x00000000cb600000, 0x00000000cd900000, 0x00000000ee700000)
  object space 35840K, 36% used [0x00000000cb600000,0x00000000cc2dc268,0x00000000cd900000)
 PSPermGen       total 21504K, used 13070K [0x00000000c1000000, 0x00000000c2500000, 0x00000000cb600000)
  object space 21504K, 60% used [0x00000000c1000000,0x00000000c1cc3898,0x00000000c2500000)
Event: 7.986 GC heap after
Heap after GC invocations=4 (full 0):
 PSYoungGen      total 57344K, used 2048K [0x00000000ee700000, 0x00000000f2100000, 0x0000000100000000)
  eden space 55296K, 0% used [0x00000000ee700000,0x00000000ee700000,0x00000000f1d00000)
  from space 2048K, 100% used [0x00000000f1f00000,0x00000000f2100000,0x00000000f2100000)
  to   space 2048K, 0% used [0x00000000f1d00000,0x00000000f1d00000,0x00000000f1f00000)
 ParOldGen       total 35840K, used 15176K [0x00000000cb600000, 0x00000000cd900000, 0x00000000ee700000)
  object space 35840K, 42% used [0x00000000cb600000,0x00000000cc4d2288,0x00000000cd900000)
 PSPermGen       total 21504K, used 13070K [0x00000000c1000000, 0x00000000c2500000, 0x00000000cb600000)
  object space 21504K, 60% used [0x00000000c1000000,0x00000000c1cc3898,0x00000000c2500000)
}
Event: 8.454 GC heap before
{Heap before GC invocations=5 (full 0):
 PSYoungGen      total 57344K, used 57039K [0x00000000ee700000, 0x00000000f2100000, 0x0000000100000000)
  eden space 55296K, 99% used [0x00000000ee700000,0x00000000f1cb3e68,0x00000000f1d00000)
  from space 2048K, 100% used [0x00000000f1f00000,0x00000000f2100000,0x00000000f2100000)
  to   space 2048K, 0% used [0x00000000f1d00000,0x00000000f1d00000,0x00000000f1f00000)
 ParOldGen       total 35840K, used 15176K [0x00000000cb600000, 0x00000000cd900000, 0x00000000ee700000)
  object space 35840K, 42% used [0x00000000cb600000,0x00000000cc4d2288,0x00000000cd900000)
 PSPermGen       total 21504K, used 13070K [0x00000000c1000000, 0x00000000c2500000, 0x00000000cb600000)
  object space 21504K, 60% used [0x00000000c1000000,0x00000000c1cc3a38,0x00000000c2500000)

